<?xml version="1.0" encoding="UTF-8"?>
<!-- Generated by org.testng.reporters.JUnitXMLReporter -->
<testsuite hostname="HUCHAN3" name="FirstLoginDemoTest" tests="3" failures="2" timestamp="16 Jul 2013 05:57:09 GMT" time="12.08" errors="0">
  <testcase name="demoTest" time="3.457" classname="com.hp.runner.DemoRun"/>
  <testcase name="demoTest" time="1.042" classname="com.hp.runner.DemoRun">
    <failure type="java.lang.AssertionError" message="expected [2] but found [1]">
      <![CDATA[java.lang.AssertionError: expected [2] but found [1]
	at com.hp.pop.DemoPage.demoTest(DemoPage.java:13)
	at com.hp.runner.DemoRun.demoTest(DemoRun.java:20)
... Removed 29 stack frames]]>
    </failure>
  </testcase> <!-- demoTest -->
  <testcase name="demoTest2" time="6.015" classname="com.hp.runner.DemoRun"/>
</testsuite> <!-- FirstLoginDemoTest -->
