<?xml version="1.0" encoding="UTF-8"?>
<testng-results skipped="0" failed="0" total="1" passed="1">
  <reporter-output>
  </reporter-output>
  <suite name="Selenium_GUI_Automation_Suite" duration-ms="9680" started-at="2014-04-15T09:58:26Z" finished-at="2014-04-15T09:58:36Z">
    <groups>
    </groups>
    <test name="Test" duration-ms="9680" started-at="2014-04-15T09:58:26Z" finished-at="2014-04-15T09:58:36Z">
      <class name="com.selenium.tests.GoogleSearch">
        <test-method status="PASS" signature="setupDriver(org.testng.ITestContext)[pri:0, instance:com.selenium.tests.GoogleSearch@1b114ee]" name="setupDriver" is-config="true" duration-ms="7581" started-at="2014-04-15T17:58:19Z" description="TestNG-Before Test Suite,Run Only Once in current TestNg Session" finished-at="2014-04-15T17:58:26Z">
          <params>
            <param index="0">
              <value>
                <![CDATA[org.testng.TestRunner@d0021f]]>
              </value>
            </param>
          </params>
          <reporter-output>
          </reporter-output>
        </test-method> <!-- setupDriver -->
        <test-method status="PASS" signature="testInput()[pri:0, instance:com.selenium.tests.GoogleSearch@1b114ee]" name="testInput" duration-ms="9482" started-at="2014-04-15T17:58:26Z" finished-at="2014-04-15T17:58:36Z">
          <reporter-output>
          </reporter-output>
        </test-method> <!-- testInput -->
        <test-method status="PASS" signature="catchAnyExceptions(org.testng.ITestResult, org.testng.ITestContext)[pri:0, instance:com.selenium.tests.GoogleSearch@1b114ee]" name="catchAnyExceptions" is-config="true" duration-ms="1" started-at="2014-04-15T17:58:36Z" description="this method will capture any Exception when the testing is running" finished-at="2014-04-15T17:58:36Z">
          <params>
            <param index="0">
              <value>
                <![CDATA[[TestResult name=testInput status=SUCCESS method=GoogleSearch.testInput()[pri:0, instance:com.selenium.tests.GoogleSearch@1b114ee] output={null}]]]>
              </value>
            </param>
            <param index="1">
              <value>
                <![CDATA[org.testng.TestRunner@d0021f]]>
              </value>
            </param>
          </params>
          <reporter-output>
          </reporter-output>
        </test-method> <!-- catchAnyExceptions -->
        <test-method status="PASS" signature="tearDown()[pri:0, instance:com.selenium.tests.GoogleSearch@1b114ee]" name="tearDown" is-config="true" duration-ms="1420" started-at="2014-04-15T17:58:36Z" description="TestNG-After Test Suite,Close the browser or do some other things" finished-at="2014-04-15T17:58:38Z">
          <reporter-output>
          </reporter-output>
        </test-method> <!-- tearDown -->
      </class> <!-- com.selenium.tests.GoogleSearch -->
    </test> <!-- Test -->
  </suite> <!-- Selenium_GUI_Automation_Suite -->
</testng-results>
