<?xml version="1.0" encoding="UTF-8"?>
<testng-results skipped="0" failed="0" total="1" passed="1">
  <reporter-output>
  </reporter-output>
  <suite name="Default suite" duration-ms="24" started-at="2014-04-21T06:49:06Z" finished-at="2014-04-21T06:49:06Z">
    <groups>
    </groups>
    <test name="Default test" duration-ms="24" started-at="2014-04-21T06:49:06Z" finished-at="2014-04-21T06:49:06Z">
      <class name="com.mystring.MyStringBufferTest">
        <test-method status="PASS" signature="f()[pri:0, instance:com.mystring.MyStringBufferTest@ef57f8]" name="f" duration-ms="9" started-at="2014-04-21T14:49:06Z" finished-at="2014-04-21T14:49:06Z">
          <reporter-output>
          </reporter-output>
        </test-method> <!-- f -->
      </class> <!-- com.mystring.MyStringBufferTest -->
    </test> <!-- Default test -->
  </suite> <!-- Default suite -->
</testng-results>
