<?xml version="1.0" encoding="UTF-8"?>
<!-- Generated by org.testng.reporters.JUnitXMLReporter -->
<testsuite hostname="HUCHAN3" name="New FWSW Assessment and search run result" tests="7" failures="0" timestamp="20 Aug 2013 05:16:56 GMT" time="311.882" errors="0">
  <testcase name="test_verifyHomePage" time="4.093" classname="com.hp.tests.NewProactiveScanTest"/>
  <testcase name="test_newAssessment" time="13.558" classname="com.hp.tests.NewProactiveScanTest"/>
  <testcase name="test_SelectCustomer" time="14.554" classname="com.hp.tests.NewProactiveScanTest"/>
  <testcase name="test_SelectDevice" time="4.85" classname="com.hp.tests.NewProactiveScanTest"/>
  <testcase name="test_Options" time="5.285" classname="com.hp.tests.NewProactiveScanTest"/>
  <testcase name="test_Review" time="10.778" classname="com.hp.tests.NewProactiveScanTest"/>
  <testcase name="test_ListRun" time="258.749" classname="com.hp.tests.NewProactiveScanTest"/>
</testsuite> <!-- New FWSW Assessment and search run result -->
