<!DOCTYPE html PUBLIC "-//W3C//DTD XHTML 1.1//EN" "http://www.w3.org/TR/xhtml11/DTD/xhtml11.dtd">
<html xmlns="http://www.w3.org/1999/xhtml"><head><title>TestNG Report</title><style type="text/css">table {margin-bottom:10px;border-collapse:collapse;empty-cells:show}th,td {border:1px solid #009;padding:.25em .5em}th {vertical-align:bottom}td {vertical-align:top}table a {font-weight:bold}.stripe td {background-color: #E6EBF9}.num {text-align:right}.passedodd td {background-color: #3F3}.passedeven td {background-color: #0A0}.skippedodd td {background-color: #DDD}.skippedeven td {background-color: #CCC}.failedodd td,.attn {background-color: #F33}.failedeven td,.stripe .attn {background-color: #D00}.stacktrace {white-space:pre;font-family:monospace}.totop {font-size:85%;text-align:center;border-bottom:2px solid #000}</style></head><body><table><tr><th>Test</th><th># Passed</th><th># Skipped</th><th># Failed</th><th>Time (ms)</th><th>Included Groups</th><th>Excluded Groups</th></tr><tr><th colspan="7">FirstSuite</th></tr><tr><td><a href="#t0">FirstLoginDemoTest</a></td><td class="num">1</td><td class="num">0</td><td class="num attn">2</td><td class="num">12,080</td><td></td><td></td></tr></table><table><thead><tr><th>Class</th><th>Method</th><th>Start</th><th>Time (ms)</th></tr></thead><tbody><tr><th colspan="4">FirstSuite</th></tr></tbody><tbody id="t0"><tr><th colspan="4">FirstLoginDemoTest &#8212; failed</th></tr><tr class="failedeven"><td rowspan="2">com.hp.runner.DemoRun</td><td><a href="#m0">demoTest</a></td><td rowspan="2">1373954222428</td><td rowspan="2">1042</td></tr><tr class="failedeven"><td><a href="#m1">demoTest</a></td></tr><tr><th colspan="4">FirstLoginDemoTest &#8212; passed</th></tr><tr class="passedeven"><td rowspan="1">com.hp.runner.DemoRun</td><td><a href="#m2">demoTest2</a></td><td rowspan="1">1373954223679</td><td rowspan="1">6015</td></tr></tbody></table><h2>FirstLoginDemoTest</h2><h3 id="m0">com.hp.runner.DemoRun#demoTest</h3><table class="result"><tr><th>Exception</th></tr><tr><td><div class="stacktrace">java.lang.AssertionError: expected [2] but found [1]
	at com.hp.pop.DemoPage.demoTest(DemoPage.java:13)
	at com.hp.runner.DemoRun.demoTest(DemoRun.java:20)
... Removed 29 stack frames</div></td></tr></table><p class="totop"><a href="#summary">back to summary</a></p><h3 id="m1">com.hp.runner.DemoRun#demoTest</h3><table class="result"><tr><th>Exception</th></tr><tr><td><div class="stacktrace">java.lang.AssertionError: expected [2] but found [1]
	at com.hp.pop.DemoPage.demoTest(DemoPage.java:13)
	at com.hp.runner.DemoRun.demoTest(DemoRun.java:20)
... Removed 29 stack frames</div></td></tr></table><p class="totop"><a href="#summary">back to summary</a></p><h3 id="m2">com.hp.runner.DemoRun#demoTest2</h3><table class="result"></table><p class="totop"><a href="#summary">back to summary</a></p></body></html>