<?xml version="1.0" encoding="UTF-8"?>
<testng-results skipped="0" failed="0" total="9" passed="9">
  <reporter-output>
  </reporter-output>
  <suite name="E2EDemoRunner" duration-ms="336082" started-at="2013-08-20T05:11:24Z" finished-at="2013-08-20T05:17:00Z">
    <groups>
      <group name="logininterface">
        <method signature="LoginHomePageTest.test_loginInterface()[pri:0, instance:com.hp.tests.LoginHomePageTest@187814]" name="test_loginInterface" class="com.hp.tests.LoginHomePageTest"/>
      </group> <!-- logininterface -->
    </groups>
    <test name="login in the home page" duration-ms="20444" started-at="2013-08-20T05:11:24Z" finished-at="2013-08-20T05:11:44Z">
      <class name="com.hp.tests.LoginHomePageTest">
        <test-method status="PASS" signature="test_loginInterface()[pri:0, instance:com.hp.tests.LoginHomePageTest@187814]" name="test_loginInterface" duration-ms="20436" started-at="2013-08-20T13:11:24Z" description="Login in the PAF home page ,using the username and password" finished-at="2013-08-20T13:11:44Z">
          <reporter-output>
          </reporter-output>
        </test-method> <!-- test_loginInterface -->
        <test-method status="PASS" signature="errorReport(org.testng.ITestResult, org.testng.ITestContext)[pri:0, instance:com.hp.tests.LoginHomePageTest@187814]" name="errorReport" is-config="true" duration-ms="1" started-at="2013-08-20T13:11:44Z" finished-at="2013-08-20T13:11:44Z">
          <params>
            <param index="0">
              <value>
                <![CDATA[[TestResult name=test_loginInterface status=SUCCESS method=LoginHomePageTest.test_loginInterface()[pri:0, instance:com.hp.tests.LoginHomePageTest@187814] output={null}]]]>
              </value>
            </param>
            <param index="1">
              <value>
                <![CDATA[org.testng.TestRunner@d510e8]]>
              </value>
            </param>
          </params>
          <reporter-output>
          </reporter-output>
        </test-method> <!-- errorReport -->
      </class> <!-- com.hp.tests.LoginHomePageTest -->
    </test> <!-- login in the home page -->
    <test name="New FWSW Assessment and search run result" duration-ms="311882" started-at="2013-08-20T05:11:44Z" finished-at="2013-08-20T05:16:56Z">
      <class name="com.hp.tests.NewProactiveScanTest">
        <test-method status="PASS" signature="test_verifyHomePage()[pri:0, instance:com.hp.tests.NewProactiveScanTest@b9b538]" name="test_verifyHomePage" duration-ms="4093" started-at="2013-08-20T13:11:44Z" description="check elements in the home page" finished-at="2013-08-20T13:11:48Z">
          <reporter-output>
          </reporter-output>
        </test-method> <!-- test_verifyHomePage -->
        <test-method status="PASS" signature="errorReport(org.testng.ITestResult, org.testng.ITestContext)[pri:0, instance:com.hp.tests.NewProactiveScanTest@b9b538]" name="errorReport" is-config="true" duration-ms="0" started-at="2013-08-20T13:11:48Z" finished-at="2013-08-20T13:11:48Z">
          <params>
            <param index="0">
              <value>
                <![CDATA[[TestResult name=test_verifyHomePage status=SUCCESS method=NewProactiveScanTest.test_verifyHomePage()[pri:0, instance:com.hp.tests.NewProactiveScanTest@b9b538] output={null}]]]>
              </value>
            </param>
            <param index="1">
              <value>
                <![CDATA[org.testng.TestRunner@490342]]>
              </value>
            </param>
          </params>
          <reporter-output>
          </reporter-output>
        </test-method> <!-- errorReport -->
        <test-method status="PASS" signature="test_newAssessment()[pri:0, instance:com.hp.tests.NewProactiveScanTest@b9b538]" name="test_newAssessment" duration-ms="13558" started-at="2013-08-20T13:11:48Z" description="New Proactive Scan assessment" depends-on-methods="com.hp.tests.NewProactiveScanTest.test_verifyHomePage" finished-at="2013-08-20T13:12:02Z">
          <reporter-output>
          </reporter-output>
        </test-method> <!-- test_newAssessment -->
        <test-method status="PASS" signature="errorReport(org.testng.ITestResult, org.testng.ITestContext)[pri:0, instance:com.hp.tests.NewProactiveScanTest@b9b538]" name="errorReport" is-config="true" duration-ms="1" started-at="2013-08-20T13:12:02Z" finished-at="2013-08-20T13:12:02Z">
          <params>
            <param index="0">
              <value>
                <![CDATA[[TestResult name=test_newAssessment status=SUCCESS method=NewProactiveScanTest.test_newAssessment()[pri:0, instance:com.hp.tests.NewProactiveScanTest@b9b538] output={null}]]]>
              </value>
            </param>
            <param index="1">
              <value>
                <![CDATA[org.testng.TestRunner@490342]]>
              </value>
            </param>
          </params>
          <reporter-output>
          </reporter-output>
        </test-method> <!-- errorReport -->
        <test-method status="PASS" signature="test_SelectCustomer()[pri:0, instance:com.hp.tests.NewProactiveScanTest@b9b538]" name="test_SelectCustomer" duration-ms="14554" started-at="2013-08-20T13:12:02Z" description="Select Customer page" depends-on-methods="com.hp.tests.NewProactiveScanTest.test_newAssessment" finished-at="2013-08-20T13:12:16Z">
          <reporter-output>
          </reporter-output>
        </test-method> <!-- test_SelectCustomer -->
        <test-method status="PASS" signature="errorReport(org.testng.ITestResult, org.testng.ITestContext)[pri:0, instance:com.hp.tests.NewProactiveScanTest@b9b538]" name="errorReport" is-config="true" duration-ms="1" started-at="2013-08-20T13:12:16Z" finished-at="2013-08-20T13:12:16Z">
          <params>
            <param index="0">
              <value>
                <![CDATA[[TestResult name=test_SelectCustomer status=SUCCESS method=NewProactiveScanTest.test_SelectCustomer()[pri:0, instance:com.hp.tests.NewProactiveScanTest@b9b538] output={null}]]]>
              </value>
            </param>
            <param index="1">
              <value>
                <![CDATA[org.testng.TestRunner@490342]]>
              </value>
            </param>
          </params>
          <reporter-output>
          </reporter-output>
        </test-method> <!-- errorReport -->
        <test-method status="PASS" signature="test_SelectDevice()[pri:0, instance:com.hp.tests.NewProactiveScanTest@b9b538]" name="test_SelectDevice" duration-ms="4850" started-at="2013-08-20T13:12:16Z" description="Select device page" depends-on-methods="com.hp.tests.NewProactiveScanTest.test_SelectCustomer" finished-at="2013-08-20T13:12:21Z">
          <reporter-output>
          </reporter-output>
        </test-method> <!-- test_SelectDevice -->
        <test-method status="PASS" signature="errorReport(org.testng.ITestResult, org.testng.ITestContext)[pri:0, instance:com.hp.tests.NewProactiveScanTest@b9b538]" name="errorReport" is-config="true" duration-ms="1" started-at="2013-08-20T13:12:21Z" finished-at="2013-08-20T13:12:21Z">
          <params>
            <param index="0">
              <value>
                <![CDATA[[TestResult name=test_SelectDevice status=SUCCESS method=NewProactiveScanTest.test_SelectDevice()[pri:0, instance:com.hp.tests.NewProactiveScanTest@b9b538] output={null}]]]>
              </value>
            </param>
            <param index="1">
              <value>
                <![CDATA[org.testng.TestRunner@490342]]>
              </value>
            </param>
          </params>
          <reporter-output>
          </reporter-output>
        </test-method> <!-- errorReport -->
        <test-method status="PASS" signature="test_Options()[pri:0, instance:com.hp.tests.NewProactiveScanTest@b9b538]" name="test_Options" duration-ms="5285" started-at="2013-08-20T13:12:21Z" description="New schedule page" depends-on-methods="com.hp.tests.NewProactiveScanTest.test_SelectDevice" finished-at="2013-08-20T13:12:27Z">
          <reporter-output>
          </reporter-output>
        </test-method> <!-- test_Options -->
        <test-method status="PASS" signature="errorReport(org.testng.ITestResult, org.testng.ITestContext)[pri:0, instance:com.hp.tests.NewProactiveScanTest@b9b538]" name="errorReport" is-config="true" duration-ms="1" started-at="2013-08-20T13:12:27Z" finished-at="2013-08-20T13:12:27Z">
          <params>
            <param index="0">
              <value>
                <![CDATA[[TestResult name=test_Options status=SUCCESS method=NewProactiveScanTest.test_Options()[pri:0, instance:com.hp.tests.NewProactiveScanTest@b9b538] output={null}]]]>
              </value>
            </param>
            <param index="1">
              <value>
                <![CDATA[org.testng.TestRunner@490342]]>
              </value>
            </param>
          </params>
          <reporter-output>
          </reporter-output>
        </test-method> <!-- errorReport -->
        <test-method status="PASS" signature="test_Review()[pri:0, instance:com.hp.tests.NewProactiveScanTest@b9b538]" name="test_Review" duration-ms="10778" started-at="2013-08-20T13:12:27Z" description="New Request review page" depends-on-methods="com.hp.tests.NewProactiveScanTest.test_Options" finished-at="2013-08-20T13:12:37Z">
          <reporter-output>
          </reporter-output>
        </test-method> <!-- test_Review -->
        <test-method status="PASS" signature="errorReport(org.testng.ITestResult, org.testng.ITestContext)[pri:0, instance:com.hp.tests.NewProactiveScanTest@b9b538]" name="errorReport" is-config="true" duration-ms="1" started-at="2013-08-20T13:12:37Z" finished-at="2013-08-20T13:12:37Z">
          <params>
            <param index="0">
              <value>
                <![CDATA[[TestResult name=test_Review status=SUCCESS method=NewProactiveScanTest.test_Review()[pri:0, instance:com.hp.tests.NewProactiveScanTest@b9b538] output={null}]]]>
              </value>
            </param>
            <param index="1">
              <value>
                <![CDATA[org.testng.TestRunner@490342]]>
              </value>
            </param>
          </params>
          <reporter-output>
          </reporter-output>
        </test-method> <!-- errorReport -->
        <test-method status="PASS" signature="test_ListRun()[pri:0, instance:com.hp.tests.NewProactiveScanTest@b9b538]" name="test_ListRun" duration-ms="258749" started-at="2013-08-20T13:12:37Z" description="list run result" depends-on-methods="com.hp.tests.NewProactiveScanTest.test_Review" finished-at="2013-08-20T13:16:56Z">
          <reporter-output>
          </reporter-output>
        </test-method> <!-- test_ListRun -->
        <test-method status="PASS" signature="errorReport(org.testng.ITestResult, org.testng.ITestContext)[pri:0, instance:com.hp.tests.NewProactiveScanTest@b9b538]" name="errorReport" is-config="true" duration-ms="0" started-at="2013-08-20T13:16:56Z" finished-at="2013-08-20T13:16:56Z">
          <params>
            <param index="0">
              <value>
                <![CDATA[[TestResult name=test_ListRun status=SUCCESS method=NewProactiveScanTest.test_ListRun()[pri:0, instance:com.hp.tests.NewProactiveScanTest@b9b538] output={null}]]]>
              </value>
            </param>
            <param index="1">
              <value>
                <![CDATA[org.testng.TestRunner@490342]]>
              </value>
            </param>
          </params>
          <reporter-output>
          </reporter-output>
        </test-method> <!-- errorReport -->
      </class> <!-- com.hp.tests.NewProactiveScanTest -->
    </test> <!-- New FWSW Assessment and search run result -->
    <test name="html email reporter" duration-ms="3611" started-at="2013-08-20T05:16:56Z" finished-at="2013-08-20T05:17:00Z">
      <class name="com.hp.utility.NiceEmailer">
        <test-method status="PASS" signature="sendEmail(java.util.Map)[pri:0, instance:com.hp.utility.NiceEmailer@10a6ae2]" name="sendEmail" duration-ms="3387" started-at="2013-08-20T13:16:56Z" data-provider="devEmail" finished-at="2013-08-20T13:17:00Z">
          <params>
            <param index="0">
              <value>
                <![CDATA[{SUBJECT=Procactive Assessments Framework Smoke Testing, ISAUTHEN=no, SMTP_HOST=smtp3.hp.com, FROM_EMAIL=chang-yuan.hu@hp.com, TO_EMAIL=chang-yuan.hu@hp.com, AUTHENUSER=1030111215@qq.com, ENVIRONMENT=DEV, AUTHENPASS=gu-chan.1026}]]>
              </value>
            </param>
          </params>
          <reporter-output>
          </reporter-output>
        </test-method> <!-- sendEmail -->
      </class> <!-- com.hp.utility.NiceEmailer -->
      <class name="com.hp.tests.NewProactiveScanTest">
        <test-method status="PASS" signature="setupDriver()[pri:0, instance:com.hp.tests.NewProactiveScanTest@b9b538]" name="setupDriver" is-config="true" duration-ms="25171" started-at="2013-08-20T13:10:58Z" finished-at="2013-08-20T13:11:24Z">
          <reporter-output>
          </reporter-output>
        </test-method> <!-- setupDriver -->
        <test-method status="PASS" signature="tearDown()[pri:0, instance:com.hp.tests.NewProactiveScanTest@b9b538]" name="tearDown" is-config="true" duration-ms="0" started-at="2013-08-20T13:17:00Z" finished-at="2013-08-20T13:17:00Z">
          <reporter-output>
          </reporter-output>
        </test-method> <!-- tearDown -->
      </class> <!-- com.hp.tests.NewProactiveScanTest -->
    </test> <!-- html email reporter -->
  </suite> <!-- E2EDemoRunner -->
</testng-results>
